<?xml version="1.0" encoding="UTF-8"?>
<!-- Generated by org.testng.reporters.JUnitXMLReporter -->
<testsuite hostname="Unfading" ignored="0" name="javafaker tests" tests="10" failures="0" timestamp="2020-09-06T19:46:07 EDT" time="68.484" errors="0">
  <testcase name="registrForm" time="2.304" classname="test.day7_javafaker_webtables.Cyber_Registr_form_confirmTC6"/>
  <testcase name="faker_test" time="0.103" classname="test.day7_javafaker_webtables.JavaFaker_practice"/>
  <testcase name="TestTheMethod" time="0.287" classname="test.day7_javafaker_webtables.printNamesAndCitiesTask5"/>
  <testcase name="p1_smartbear_login_test" time="1.525" classname="test.day7_javafaker_webtables.SmartBear"/>
  <testcase name="webTable" time="0.254" classname="test.day7_javafaker_webtables.smartBearOrderVerification"/>
  <testcase name="webTable" time="0.054" classname="test.day7_javafaker_webtables.SmartBearOrderVerify"/>
  <testcase name="p1_smartbear_login_test" time="0.61" classname="test.day7_javafaker_webtables.SmartBearTests"/>
  <testcase name="month_default_values_test" time="0.173" classname="test.day7_javafaker_webtables.T7_month_dropdown"/>
  <testcase name="month_list_verification" time="0.402" classname="test.day7_javafaker_webtables.T7_month_dropdown"/>
  <testcase name="Test1" time="0.03" classname="test.day7_javafaker_webtables.verifyOrdarTask4"/>
</testsuite> <!-- javafaker tests -->
